<?xml version="1.0" encoding="UTF-8"?>
<!-- Generated by org.testng.reporters.JUnitXMLReporter -->
<testsuite ignored="0" hostname="C02D2ACJMD6N" failures="1" tests="1" name="Login Page Tests" time="17.361" errors="0" timestamp="2024-03-24T19:51:42 GMT">
  <testcase classname="io.cucumber.testng.AbstractTestNGCucumberTests" name="runScenario" time="15.579">
    <failure type="java.lang.AssertionError" message="expected [true] but found [false]">
      <![CDATA[java.lang.AssertionError: expected [true] but found [false]
at org.amazon.pages.SearchResultPage.verifyProductDisplayed(SearchResultPage.java:31)
at org.amazon.stepdefs.SearchResultPageStepDef.i_can_see_only_samsung_products_in_the_results(SearchResultPageStepDef.java:23)
at ✽.I can see only "Onida" products in the results(file:///Users/srinivastalla/Desktop/UBS/src/test/resources/features/productSearch.feature:20)
... Removed 4 stack frames]]>
    </failure>
  </testcase> <!-- runScenario -->
</testsuite> <!-- Login Page Tests -->
