<?xml version="1.0" encoding="UTF-8"?>
<testng-results ignored="0" total="1" passed="1" failed="0" skipped="0">
  <reporter-output>
  </reporter-output>
  <suite started-at="2024-03-24T19:39:46 GMT" name="Amazon Parallel Suite" finished-at="2024-03-24T19:40:04 GMT" duration-ms="18262">
    <groups>
      <group name="cucumber">
        <method signature="AbstractTestNGCucumberTests.runScenario(io.cucumber.testng.PickleWrapper,io.cucumber.testng.FeatureWrapper)[pri:0, instance:runner.TestRunner@1a0dcaa]" name="runScenario" class="io.cucumber.testng.AbstractTestNGCucumberTests"/>
      </group> <!-- cucumber -->
    </groups>
    <test started-at="2024-03-24T19:39:46 GMT" name="Login Page Tests" finished-at="2024-03-24T19:40:04 GMT" duration-ms="18262">
      <class name="runner.TestRunner">
        <test-method is-config="true" signature="setUpClass(org.testng.ITestContext)[pri:0, instance:runner.TestRunner@1a0dcaa]" started-at="2024-03-24T19:39:46 GMT" name="setUpClass" finished-at="2024-03-24T19:39:47 GMT" duration-ms="442" status="PASS">
          <params>
            <param index="0">
              <value>
                <![CDATA[org.testng.TestRunner@20312893]]>
              </value>
            </param>
          </params>
          <reporter-output>
          </reporter-output>
        </test-method> <!-- setUpClass -->
        <test-method signature="runScenario(io.cucumber.testng.PickleWrapper,io.cucumber.testng.FeatureWrapper)[pri:0, instance:runner.TestRunner@1a0dcaa]" started-at="2024-03-24T19:39:47 GMT" name="runScenario" description="Runs Cucumber Scenarios" data-provider="scenarios" finished-at="2024-03-24T19:40:04 GMT" duration-ms="17269" status="PASS">
          <params>
            <param index="0">
              <value>
                <![CDATA["List all the Samsung phones with specification as Camera Resolution - 20 MP and above, Model Year – 2023 & Price Range between £50 - £100"]]>
              </value>
            </param>
            <param index="1">
              <value>
                <![CDATA["Amazon Search"]]>
              </value>
            </param>
          </params>
          <reporter-output>
          </reporter-output>
        </test-method> <!-- runScenario -->
        <test-method is-config="true" signature="tearDownClass()[pri:0, instance:runner.TestRunner@1a0dcaa]" started-at="2024-03-24T19:40:04 GMT" name="tearDownClass" finished-at="2024-03-24T19:40:04 GMT" duration-ms="526" status="PASS">
          <reporter-output>
          </reporter-output>
        </test-method> <!-- tearDownClass -->
      </class> <!-- runner.TestRunner -->
    </test> <!-- Login Page Tests -->
  </suite> <!-- Amazon Parallel Suite -->
</testng-results>
