<?xml version="1.0" encoding="UTF-8"?>
<!-- Generated by org.testng.reporters.JUnitReportReporter -->
<testsuite hostname="C02D2ACJMD6N" failures="1" tests="1" name="runner.TestRunner" time="15.579" errors="0" timestamp="2024-03-24T19:51:42 GMT" skipped="0">
  <testcase classname="runner.TestRunner" name="runScenario" time="15.579">
    <failure message="expected [true] but found [false]" type="java.lang.AssertionError">
      <![CDATA[java.lang.AssertionError: expected [true] but found [false]
at org.testng.Assert.fail(Assert.java:110)
at org.testng.Assert.failNotEquals(Assert.java:1577)
at org.testng.Assert.assertTrue(Assert.java:56)
at org.testng.Assert.assertTrue(Assert.java:66)
at org.amazon.pages.SearchResultPage.verifyProductDisplayed(SearchResultPage.java:31)
at org.amazon.stepdefs.SearchResultPageStepDef.i_can_see_only_samsung_products_in_the_results(SearchResultPageStepDef.java:23)
at ✽.I can see only "Onida" products in the results(file:///Users/srinivastalla/Desktop/UBS/src/test/resources/features/productSearch.feature:20)
]]>
    </failure>
  </testcase> <!-- runScenario -->
  <system-out/>
</testsuite> <!-- runner.TestRunner -->
